<?xml version="1.0" encoding="UTF-8"?>
<!-- Generated by org.testng.reporters.JUnitReportReporter -->
<testsuite hostname="dj-book" failures="0" tests="2" name="org.restassured.ConvertingPojoToJson" time="0.252" errors="0" timestamp="2024-11-07T12:02:34 IST" skipped="0">
  <testcase classname="org.restassured.ConvertingPojoToJson" name="pojoToJson" time="0.241"/>
  <testcase classname="org.restassured.ConvertingPojoToJson" name="jsonToPojo" time="0.011"/>
</testsuite> <!-- org.restassured.ConvertingPojoToJson -->
