<?xml version="1.0" encoding="UTF-8"?>
<!-- Generated by org.testng.reporters.JUnitReportReporter -->
<testsuite hostname="dj-book" failures="0" tests="4" name="org.restassured.HttpRequests" time="4.209" errors="0" timestamp="2024-11-05T17:02:19 IST" skipped="0">
  <testcase classname="org.restassured.HttpRequests" name="getUsers" time="2.475"/>
  <testcase classname="org.restassured.HttpRequests" name="createUser" time="0.749"/>
  <testcase classname="org.restassured.HttpRequests" name="updateUser" time="0.580"/>
  <testcase classname="org.restassured.HttpRequests" name="deleteUser" time="0.405"/>
</testsuite> <!-- org.restassured.HttpRequests -->
