<?xml version="1.0" encoding="UTF-8"?>
<!-- Generated by org.testng.reporters.JUnitReportReporter -->
<testsuite hostname="dj-book" failures="0" tests="1" name="org.restassured.PathAndQueryParameters" time="1.991" errors="0" timestamp="2024-11-06T11:41:39 IST" skipped="0">
  <testcase classname="org.restassured.PathAndQueryParameters" name="testPathAndQueryParameters" time="1.991"/>
</testsuite> <!-- org.restassured.PathAndQueryParameters -->
