<?xml version="1.0" encoding="UTF-8"?>
<!-- Generated by org.testng.reporters.JUnitReportReporter -->
<testsuite hostname="dj-book" failures="0" tests="1" name="org.restassured.HeadersDemo" time="2.487" errors="0" timestamp="2024-11-06T12:24:14 IST" skipped="0">
  <testcase classname="org.restassured.HeadersDemo" name="testHeaders" time="2.487"/>
</testsuite> <!-- org.restassured.HeadersDemo -->
