<?xml version="1.0" encoding="UTF-8"?>
<!-- Generated by org.testng.reporters.JUnitReportReporter -->
<testsuite hostname="dj-book" failures="0" tests="1" name="org.restassured.FakerDataGenerator" time="0.278" errors="0" timestamp="2024-11-07T14:50:29 IST" skipped="0">
  <testcase classname="org.restassured.FakerDataGenerator" name="generateTestDummyData" time="0.278"/>
</testsuite> <!-- org.restassured.FakerDataGenerator -->
